client/platforms/android/app/build/intermediates/manifest_merge_blame_file/debug/manifest-merger-blame-debug-report.txt
1<?xml version="1.0" encoding="utf-8"?>
2<manifest xmlns:android="http://schemas.android.com/apk/res/android"
3    package="org.nativescript.application"
4    android:testOnly="false"
5    android:versionCode="10000"
6    android:versionName="1.0" >
7
8    <uses-sdk
9        android:minSdkVersion="17"
9-->src/main/AndroidManifest.xml
10        android:targetSdkVersion="30" />
10-->src/main/AndroidManifest.xml
11
12    <supports-screens
12-->src/main/AndroidManifest.xml:8:2-12:33
13        android:largeScreens="true"
13-->src/main/AndroidManifest.xml:11:3-30
14        android:normalScreens="true"
14-->src/main/AndroidManifest.xml:10:3-31
15        android:smallScreens="true"
15-->src/main/AndroidManifest.xml:9:3-30
16        android:xlargeScreens="true" />
16-->src/main/AndroidManifest.xml:12:3-31
17
18    <uses-permission android:name="android.permission.READ_EXTERNAL_STORAGE" />
18-->src/main/AndroidManifest.xml:14:2-76
18-->src/main/AndroidManifest.xml:14:19-74
19    <uses-permission android:name="android.permission.WRITE_EXTERNAL_STORAGE" />
19-->src/main/AndroidManifest.xml:15:2-77
19-->src/main/AndroidManifest.xml:15:19-75
20    <uses-permission android:name="android.permission.INTERNET" />
20-->src/main/AndroidManifest.xml:16:2-63
20-->src/main/AndroidManifest.xml:16:19-61
21
22    <application
22-->src/main/AndroidManifest.xml:18:2-40:16
23        android:name="com.tns.NativeScriptApplication"
23-->src/main/AndroidManifest.xml:20:3-49
24        android:allowBackup="true"
24-->src/main/AndroidManifest.xml:21:3-29
25        android:appComponentFactory="androidx.core.app.CoreComponentFactory"
25-->[androidx.core:core:1.0.1] AndroidManifest.xml:22:18-86
26        android:debuggable="true"
27        android:icon="@drawable/icon"
27-->src/main/AndroidManifest.xml:22:3-32
28        android:label="@string/app_name"
28-->src/main/AndroidManifest.xml:23:3-35
29        android:theme="@style/AppTheme"
29-->src/main/AndroidManifest.xml:24:3-34
30        android:usesCleartextTraffic="true" >
30-->src/main/AndroidManifest.xml:19:8-43
31        <activity
31-->src/main/AndroidManifest.xml:26:3-38:14
32            android:name="com.tns.NativeScriptActivity"
32-->src/main/AndroidManifest.xml:27:4-47
33            android:configChanges="keyboard|keyboardHidden|orientation|screenSize|smallestScreenSize|screenLayout|locale|uiMode"
33-->src/main/AndroidManifest.xml:29:4-120
34            android:label="@string/title_activity_kimera"
34-->src/main/AndroidManifest.xml:28:4-49
35            android:theme="@style/LaunchScreenTheme" >
35-->src/main/AndroidManifest.xml:30:4-44
36            <meta-data
36-->src/main/AndroidManifest.xml:32:4-87
37                android:name="SET_THEME_ON_LAUNCH"
37-->src/main/AndroidManifest.xml:32:15-49
38                android:resource="@style/AppTheme" />
38-->src/main/AndroidManifest.xml:32:50-84
39
40            <intent-filter>
40-->src/main/AndroidManifest.xml:34:4-37:20
41                <action android:name="android.intent.action.MAIN" />
41-->src/main/AndroidManifest.xml:35:5-57
41-->src/main/AndroidManifest.xml:35:13-54
42
43                <category android:name="android.intent.category.LAUNCHER" />
43-->src/main/AndroidManifest.xml:36:5-65
43-->src/main/AndroidManifest.xml:36:15-62
44            </intent-filter>
45        </activity>
46        <activity android:name="com.tns.ErrorReportActivity" />
46-->src/main/AndroidManifest.xml:39:3-57
46-->src/main/AndroidManifest.xml:39:13-55
47    </application>
48
49</manifest>